<?xml version="1.0" encoding="UTF-8"?>
<testng-results skipped="0" failed="0" total="1" passed="1">
  <reporter-output>
    <line>
      <![CDATA[<span style="color:#2A00FF">【info】utils.DriverFactoryUtil: 杀死chrome浏览器进程成功</span><br />]]>
    </line>
    <line>
      <![CDATA[<span style="color:#2A00FF">【info】utils.DriverUtil: 打开网址: http://127.0.0.1:81/zentao/</span><br />]]>
    </line>
    <line>
      <![CDATA[<span style="color:#2A00FF">【info】utils.DriverUtil: 进入登录页面成功</span><br />]]>
    </line>
    <line>
      <![CDATA[<span style="color:#2A00FF">【info】utils.DriverUtil: 截图成功，图片保存路径为：E:\workspace\UItest\shot\LoginPage_2018_09_21_11_18_06.png</span><br />]]>
    </line>
    <line>
      <![CDATA[<a target='_blank' href="file:E:\workspace\UItest\shot\LoginPage_2018_09_21_11_18_06.png">]]>
    </line>
    <line>
      <![CDATA[<img width="220" src="file:E:\workspace\UItest\shot\LoginPage_2018_09_21_11_18_06.png" />    截图：C:\Users\MEIYAN~1.NIC\AppData\Local\Temp\screenshot4602716208808450882.png]]>
    </line>
    <line>
      <![CDATA[</a><br />]]>
    </line>
    <line>
      <![CDATA[<span style="color:#2A00FF">【info】utils.DriverUtil: 在元素  用户名输入框 输入：admin</span><br />]]>
    </line>
    <line>
      <![CDATA[<span style="color:#2A00FF">【info】utils.DriverUtil: 在元素  密码输入框 输入：meiyanghua123</span><br />]]>
    </line>
    <line>
      <![CDATA[<span style="color:#2A00FF">【info】utils.DriverUtil: 点击元素登录按钮</span><br />]]>
    </line>
    <line>
      <![CDATA[<span style="color:#2A00FF">【info】utils.DriverUtil: 点击元素产品首页</span><br />]]>
    </line>
    <line>
      <![CDATA[<span style="color:#2A00FF">【info】utils.DriverUtil: 点击元素添加产品</span><br />]]>
    </line>
    <line>
      <![CDATA[<span style="color:#2A00FF">【info】utils.DriverUtil: 在元素  产品名称 输入：product01</span><br />]]>
    </line>
    <line>
      <![CDATA[<span style="color:#2A00FF">【info】utils.DriverUtil: 在元素  产品代号 输入：test01</span><br />]]>
    </line>
    <line>
      <![CDATA[<span style="color:#2A00FF">【info】utils.DriverUtil: 点击元素选择产品负责人</span><br />]]>
    </line>
    <line>
      <![CDATA[<span style="color:#2A00FF">【info】utils.KeyBoardUtils: 按下键成功</span><br />]]>
    </line>
    <line>
      <![CDATA[<span style="color:#2A00FF">【info】utils.KeyBoardUtils: ENTER成功</span><br />]]>
    </line>
    <line>
      <![CDATA[<span style="color:#2A00FF">【info】utils.DriverUtil: 点击元素测试负责人</span><br />]]>
    </line>
    <line>
      <![CDATA[<span style="color:#2A00FF">【info】utils.KeyBoardUtils: 按下键成功</span><br />]]>
    </line>
    <line>
      <![CDATA[<span style="color:#2A00FF">【info】utils.KeyBoardUtils: ENTER成功</span><br />]]>
    </line>
    <line>
      <![CDATA[<span style="color:#2A00FF">【info】utils.DriverUtil: 点击元素保存按钮</span><br />]]>
    </line>
  </reporter-output>
  <suite name="Default suite" duration-ms="15046" started-at="2018-09-21T03:18:00Z" finished-at="2018-09-21T03:18:16Z">
    <groups>
    </groups>
    <test name="Default test" duration-ms="15046" started-at="2018-09-21T03:18:00Z" finished-at="2018-09-21T03:18:16Z">
      <class name="test.NewTest">
        <test-method status="PASS" signature="setUp()[pri:0, instance:test.NewTest@18078bef]" name="setUp" is-config="true" duration-ms="4056" started-at="2018-09-21T11:18:01Z" finished-at="2018-09-21T11:18:05Z">
          <reporter-output>
            <line>
              <![CDATA[<span style="color:#2A00FF">【info】utils.DriverFactoryUtil: 杀死chrome浏览器进程成功</span><br />]]>
            </line>
          </reporter-output>
        </test-method> <!-- setUp -->
        <test-method status="PASS" signature="f5()[pri:0, instance:test.NewTest@18078bef]" name="f5" duration-ms="7841" started-at="2018-09-21T11:18:05Z" finished-at="2018-09-21T11:18:12Z">
          <reporter-output>
            <line>
              <![CDATA[<span style="color:#2A00FF">【info】utils.DriverUtil: 打开网址: http://127.0.0.1:81/zentao/</span><br />]]>
            </line>
            <line>
              <![CDATA[<span style="color:#2A00FF">【info】utils.DriverUtil: 进入登录页面成功</span><br />]]>
            </line>
            <line>
              <![CDATA[<span style="color:#2A00FF">【info】utils.DriverUtil: 截图成功，图片保存路径为：E:\workspace\UItest\shot\LoginPage_2018_09_21_11_18_06.png</span><br />]]>
            </line>
            <line>
              <![CDATA[<a target='_blank' href="file:E:\workspace\UItest\shot\LoginPage_2018_09_21_11_18_06.png">]]>
            </line>
            <line>
              <![CDATA[<img width="220" src="file:E:\workspace\UItest\shot\LoginPage_2018_09_21_11_18_06.png" />    截图：C:\Users\MEIYAN~1.NIC\AppData\Local\Temp\screenshot4602716208808450882.png]]>
            </line>
            <line>
              <![CDATA[</a><br />]]>
            </line>
            <line>
              <![CDATA[<span style="color:#2A00FF">【info】utils.DriverUtil: 在元素  用户名输入框 输入：admin</span><br />]]>
            </line>
            <line>
              <![CDATA[<span style="color:#2A00FF">【info】utils.DriverUtil: 在元素  密码输入框 输入：meiyanghua123</span><br />]]>
            </line>
            <line>
              <![CDATA[<span style="color:#2A00FF">【info】utils.DriverUtil: 点击元素登录按钮</span><br />]]>
            </line>
            <line>
              <![CDATA[<span style="color:#2A00FF">【info】utils.DriverUtil: 点击元素产品首页</span><br />]]>
            </line>
            <line>
              <![CDATA[<span style="color:#2A00FF">【info】utils.DriverUtil: 点击元素添加产品</span><br />]]>
            </line>
            <line>
              <![CDATA[<span style="color:#2A00FF">【info】utils.DriverUtil: 在元素  产品名称 输入：product01</span><br />]]>
            </line>
            <line>
              <![CDATA[<span style="color:#2A00FF">【info】utils.DriverUtil: 在元素  产品代号 输入：test01</span><br />]]>
            </line>
            <line>
              <![CDATA[<span style="color:#2A00FF">【info】utils.DriverUtil: 点击元素选择产品负责人</span><br />]]>
            </line>
            <line>
              <![CDATA[<span style="color:#2A00FF">【info】utils.KeyBoardUtils: 按下键成功</span><br />]]>
            </line>
            <line>
              <![CDATA[<span style="color:#2A00FF">【info】utils.KeyBoardUtils: ENTER成功</span><br />]]>
            </line>
            <line>
              <![CDATA[<span style="color:#2A00FF">【info】utils.DriverUtil: 点击元素测试负责人</span><br />]]>
            </line>
            <line>
              <![CDATA[<span style="color:#2A00FF">【info】utils.KeyBoardUtils: 按下键成功</span><br />]]>
            </line>
            <line>
              <![CDATA[<span style="color:#2A00FF">【info】utils.KeyBoardUtils: ENTER成功</span><br />]]>
            </line>
            <line>
              <![CDATA[<span style="color:#2A00FF">【info】utils.DriverUtil: 点击元素保存按钮</span><br />]]>
            </line>
          </reporter-output>
        </test-method> <!-- f5 -->
        <test-method status="PASS" signature="teardown()[pri:0, instance:test.NewTest@18078bef]" name="teardown" is-config="true" duration-ms="3130" started-at="2018-09-21T11:18:12Z" finished-at="2018-09-21T11:18:16Z">
          <reporter-output>
          </reporter-output>
        </test-method> <!-- teardown -->
      </class> <!-- test.NewTest -->
    </test> <!-- Default test -->
  </suite> <!-- Default suite -->
</testng-results>
